<?xml version='1.0' encoding='UTF-8'?>
<testsuite hostname="LAPTOP-30OU6PLC" name="wikipedia.WikipediaSuite" tests="5" errors="0" failures="0" skipped="0" time="6.475">
                     <properties>
[...]
</properties>
                     <testcase classname="wikipedia.WikipediaSuite" name="'occurrencesOfLang' should work for (specific) RDD with one element" time="4.449">
                                                 
                                               </testcase><testcase classname="wikipedia.WikipediaSuite" name="'rankLangs' should work for RDD with two elements" time="0.116">
                                                 
                                               </testcase><testcase classname="wikipedia.WikipediaSuite" name="'makeIndex' creates a simple index with two entries" time="0.37">
                                                 
                                               </testcase><testcase classname="wikipedia.WikipediaSuite" name="'rankLangsUsingIndex' should work for a simple RDD with three elements" time="0.575">
                                                 
                                               </testcase><testcase classname="wikipedia.WikipediaSuite" name="'rankLangsReduceByKey' should work for a simple RDD with four elements" time="0.965">
                                                 
                                               </testcase>
                     <system-out></system-out>
                     <system-err></system-err>
                   </testsuite>